app/build/intermediates/manifest_merge_blame_file/debug/processDebugMainManifest/manifest-merger-blame-debug-report.txt
1<?xml version="1.0" encoding="utf-8"?>
2<manifest xmlns:android="http://schemas.android.com/apk/res/android"
3    package="com.sinhvien.webnovelapp"
4    android:versionCode="1"
5    android:versionName="1.0" >
6
7    <uses-sdk
8        android:minSdkVersion="35"
9        android:targetSdkVersion="36" />
10
11    <uses-permission android:name="android.permission.INTERNET" />
11-->src\main\AndroidManifest.xml:5:5-67
11-->src\main\AndroidManifest.xml:5:22-64
12    <uses-permission android:name="android.permission.ACCESS_NETWORK_STATE" />
12-->src\main\AndroidManifest.xml:6:5-79
12-->src\main\AndroidManifest.xml:6:22-76
13
14    <permission
14-->[androidx.core:core:1.13.1] AndroidManifest.xml:22:5-24:47
15        android:name="com.sinhvien.webnovelapp.DYNAMIC_RECEIVER_NOT_EXPORTED_PERMISSION"
15-->[androidx.core:core:1.13.1] AndroidManifest.xml:23:9-81
16        android:protectionLevel="signature" />
16-->[androidx.core:core:1.13.1] AndroidManifest.xml:24:9-44
17
18    <uses-permission android:name="com.sinhvien.webnovelapp.DYNAMIC_RECEIVER_NOT_EXPORTED_PERMISSION" />
18-->[androidx.core:core:1.13.1] AndroidManifest.xml:26:5-97
18-->[androidx.core:core:1.13.1] AndroidManifest.xml:26:22-94
19
20    <application
20-->src\main\AndroidManifest.xml:8:5-86:19
21        android:allowBackup="true"
21-->src\main\AndroidManifest.xml:10:9-35
22        android:appComponentFactory="androidx.core.app.CoreComponentFactory"
22-->[androidx.core:core:1.13.1] AndroidManifest.xml:28:18-86
23        android:dataExtractionRules="@xml/data_extraction_rules"
23-->src\main\AndroidManifest.xml:11:9-65
24        android:debuggable="true"
25        android:extractNativeLibs="false"
26        android:fullBackupContent="@xml/backup_rules"
26-->src\main\AndroidManifest.xml:12:9-54
27        android:icon="@mipmap/ic_launcher"
27-->src\main\AndroidManifest.xml:13:9-43
28        android:label="@string/app_name"
28-->src\main\AndroidManifest.xml:14:9-41
29        android:networkSecurityConfig="@xml/network_security_config"
29-->src\main\AndroidManifest.xml:9:9-69
30        android:roundIcon="@mipmap/ic_launcher_round"
30-->src\main\AndroidManifest.xml:15:9-54
31        android:supportsRtl="true"
31-->src\main\AndroidManifest.xml:16:9-35
32        android:testOnly="true"
33        android:theme="@style/Theme.AppCompat.Light.DarkActionBar"
33-->src\main\AndroidManifest.xml:17:9-67
34        android:usesCleartextTraffic="true" >
34-->src\main\AndroidManifest.xml:18:9-44
35        <activity
35-->src\main\AndroidManifest.xml:20:9-29:20
36            android:name="com.sinhvien.webnovelapp.ThieuKhang.MainActivity"
36-->src\main\AndroidManifest.xml:21:13-52
37            android:exported="true"
37-->src\main\AndroidManifest.xml:22:13-36
38            android:label="@string/app_name"
38-->src\main\AndroidManifest.xml:23:13-45
39            android:theme="@style/Theme.WebNovelApp" >
39-->src\main\AndroidManifest.xml:24:13-53
40            <intent-filter>
40-->src\main\AndroidManifest.xml:25:13-28:29
41                <action android:name="android.intent.action.MAIN" />
41-->src\main\AndroidManifest.xml:26:17-69
41-->src\main\AndroidManifest.xml:26:25-66
42
43                <category android:name="android.intent.category.LAUNCHER" />
43-->src\main\AndroidManifest.xml:27:17-77
43-->src\main\AndroidManifest.xml:27:27-74
44            </intent-filter>
45        </activity>
46        <activity
46-->src\main\AndroidManifest.xml:32:9-35:40
47            android:name="com.sinhvien.webnovelapp.admin.AdminPanelActivity"
47-->src\main\AndroidManifest.xml:33:13-53
48            android:exported="false"
48-->src\main\AndroidManifest.xml:35:13-37
49            android:theme="@style/Theme.WebNovelApp.Admin" />
49-->src\main\AndroidManifest.xml:34:13-59
50        <activity
50-->src\main\AndroidManifest.xml:36:9-39:40
51            android:name="com.sinhvien.webnovelapp.admin.GenreManagementActivity"
51-->src\main\AndroidManifest.xml:37:13-58
52            android:exported="false"
52-->src\main\AndroidManifest.xml:39:13-37
53            android:theme="@style/Theme.WebNovelApp.Admin" />
53-->src\main\AndroidManifest.xml:38:13-59
54        <activity
54-->src\main\AndroidManifest.xml:40:9-43:69
55            android:name="com.sinhvien.webnovelapp.admin.TagManagementActivity"
55-->src\main\AndroidManifest.xml:41:13-56
56            android:label="Tag Management"
56-->src\main\AndroidManifest.xml:42:13-43
57            android:parentActivityName="com.sinhvien.webnovelapp.ThieuKhang.MainActivity" />
57-->src\main\AndroidManifest.xml:43:13-66
58        <activity
58-->src\main\AndroidManifest.xml:44:9-47:69
59            android:name="com.sinhvien.webnovelapp.activities.NovelListActivity"
59-->src\main\AndroidManifest.xml:45:13-57
60            android:label="Browse Novels"
60-->src\main\AndroidManifest.xml:46:13-42
61            android:parentActivityName="com.sinhvien.webnovelapp.ThieuKhang.MainActivity" />
61-->src\main\AndroidManifest.xml:47:13-66
62        <activity
62-->src\main\AndroidManifest.xml:48:9-52:72
63            android:name="com.sinhvien.webnovelapp.activities.NovelDetailActivity"
63-->src\main\AndroidManifest.xml:49:13-59
64            android:label="Novel Details"
64-->src\main\AndroidManifest.xml:50:13-42
65            android:parentActivityName="com.sinhvien.webnovelapp.activities.NovelListActivity"
65-->src\main\AndroidManifest.xml:51:13-71
66            android:theme="@style/Theme.AppCompat.Light.NoActionBar" />
66-->src\main\AndroidManifest.xml:52:13-69
67        <activity
67-->src\main\AndroidManifest.xml:53:9-56:76
68            android:name="com.sinhvien.webnovelapp.activities.ChapterListActivity"
68-->src\main\AndroidManifest.xml:54:13-59
69            android:label="Chapters"
69-->src\main\AndroidManifest.xml:55:13-37
70            android:parentActivityName="com.sinhvien.webnovelapp.activities.NovelDetailActivity" />
70-->src\main\AndroidManifest.xml:56:13-73
71        <activity
71-->src\main\AndroidManifest.xml:57:9-60:76
72            android:name="com.sinhvien.webnovelapp.activities.ChapterReaderActivity"
72-->src\main\AndroidManifest.xml:58:13-61
73            android:parentActivityName="com.sinhvien.webnovelapp.activities.ChapterListActivity"
73-->src\main\AndroidManifest.xml:60:13-73
74            android:theme="@style/Theme.AppCompat.Light.NoActionBar" />
74-->src\main\AndroidManifest.xml:59:13-69
75        <activity
75-->src\main\AndroidManifest.xml:62:9-65:58
76            android:name="com.sinhvien.webnovelapp.activities.ViewAllNovelsActivity"
76-->src\main\AndroidManifest.xml:63:13-61
77            android:parentActivityName="com.sinhvien.webnovelapp.MainActivity"
77-->src\main\AndroidManifest.xml:65:13-55
78            android:theme="@style/Theme.WebNovelApp" />
78-->src\main\AndroidManifest.xml:64:13-53
79        <activity
79-->src\main\AndroidManifest.xml:67:9-74:20
80            android:name="com.sinhvien.webnovelapp.ThieuKhang.SearchActivity"
80-->src\main\AndroidManifest.xml:68:13-54
81            android:theme="@style/Theme.MaterialComponents.DayNight.NoActionBar"
81-->src\main\AndroidManifest.xml:70:13-81
82            android:windowSoftInputMode="adjustResize" >
82-->src\main\AndroidManifest.xml:69:13-55
83            <meta-data
83-->src\main\AndroidManifest.xml:71:13-73:60
84                android:name="android.support.PARENT_ACTIVITY"
84-->src\main\AndroidManifest.xml:72:17-63
85                android:value=".ThieuKhang.MainActivity" />
85-->src\main\AndroidManifest.xml:73:17-57
86        </activity>
87        <activity android:name="com.sinhvien.webnovelapp.CongThuong.RegisterActivity" />
87-->src\main\AndroidManifest.xml:78:9-65
87-->src\main\AndroidManifest.xml:78:19-62
88        <activity
88-->src\main\AndroidManifest.xml:79:9-80:55
89            android:name="com.sinhvien.webnovelapp.CongThuong.LoginActivity"
89-->src\main\AndroidManifest.xml:79:19-59
90            android:theme="@style/Theme.WebNovelApp" />
90-->src\main\AndroidManifest.xml:80:13-53
91
92        <service
92-->[com.google.mlkit:translate:17.0.2] AndroidManifest.xml:11:9-17:19
93            android:name="com.google.mlkit.common.internal.MlKitComponentDiscoveryService"
93-->[com.google.mlkit:translate:17.0.2] AndroidManifest.xml:12:13-91
94            android:directBootAware="true"
94-->[com.google.mlkit:common:18.10.0] AndroidManifest.xml:17:13-43
95            android:exported="false" >
95-->[com.google.mlkit:translate:17.0.2] AndroidManifest.xml:13:13-37
96            <meta-data
96-->[com.google.mlkit:translate:17.0.2] AndroidManifest.xml:14:13-16:85
97                android:name="com.google.firebase.components:com.google.mlkit.nl.translate.NaturalLanguageTranslateRegistrar"
97-->[com.google.mlkit:translate:17.0.2] AndroidManifest.xml:15:17-126
98                android:value="com.google.firebase.components.ComponentRegistrar" />
98-->[com.google.mlkit:translate:17.0.2] AndroidManifest.xml:16:17-82
99            <meta-data
99-->[com.google.mlkit:common:18.10.0] AndroidManifest.xml:20:13-22:85
100                android:name="com.google.firebase.components:com.google.mlkit.common.internal.CommonComponentRegistrar"
100-->[com.google.mlkit:common:18.10.0] AndroidManifest.xml:21:17-120
101                android:value="com.google.firebase.components.ComponentRegistrar" />
101-->[com.google.mlkit:common:18.10.0] AndroidManifest.xml:22:17-82
102        </service>
103
104        <provider
104-->[com.google.mlkit:common:18.10.0] AndroidManifest.xml:9:9-13:38
105            android:name="com.google.mlkit.common.internal.MlKitInitProvider"
105-->[com.google.mlkit:common:18.10.0] AndroidManifest.xml:10:13-78
106            android:authorities="com.sinhvien.webnovelapp.mlkitinitprovider"
106-->[com.google.mlkit:common:18.10.0] AndroidManifest.xml:11:13-69
107            android:exported="false"
107-->[com.google.mlkit:common:18.10.0] AndroidManifest.xml:12:13-37
108            android:initOrder="99" />
108-->[com.google.mlkit:common:18.10.0] AndroidManifest.xml:13:13-35
109
110        <activity
110-->[com.google.android.gms:play-services-base:18.1.0] AndroidManifest.xml:20:9-22:45
111            android:name="com.google.android.gms.common.api.GoogleApiActivity"
111-->[com.google.android.gms:play-services-base:18.1.0] AndroidManifest.xml:20:19-85
112            android:exported="false"
112-->[com.google.android.gms:play-services-base:18.1.0] AndroidManifest.xml:22:19-43
113            android:theme="@android:style/Theme.Translucent.NoTitleBar" />
113-->[com.google.android.gms:play-services-base:18.1.0] AndroidManifest.xml:21:19-78
114
115        <meta-data
115-->[com.google.android.gms:play-services-basement:18.1.0] AndroidManifest.xml:21:9-23:69
116            android:name="com.google.android.gms.version"
116-->[com.google.android.gms:play-services-basement:18.1.0] AndroidManifest.xml:22:13-58
117            android:value="@integer/google_play_services_version" />
117-->[com.google.android.gms:play-services-basement:18.1.0] AndroidManifest.xml:23:13-66
118
119        <activity
119-->[androidx.compose.ui:ui-tooling-android:1.7.0] AndroidManifest.xml:23:9-25:39
120            android:name="androidx.compose.ui.tooling.PreviewActivity"
120-->[androidx.compose.ui:ui-tooling-android:1.7.0] AndroidManifest.xml:24:13-71
121            android:exported="true" />
121-->[androidx.compose.ui:ui-tooling-android:1.7.0] AndroidManifest.xml:25:13-36
122        <activity
122-->[androidx.compose.ui:ui-test-manifest:1.7.0] AndroidManifest.xml:23:9-25:39
123            android:name="androidx.activity.ComponentActivity"
123-->[androidx.compose.ui:ui-test-manifest:1.7.0] AndroidManifest.xml:24:13-63
124            android:exported="true" />
124-->[androidx.compose.ui:ui-test-manifest:1.7.0] AndroidManifest.xml:25:13-36
125
126        <provider
126-->[androidx.emoji2:emoji2:1.3.0] AndroidManifest.xml:24:9-32:20
127            android:name="androidx.startup.InitializationProvider"
127-->[androidx.emoji2:emoji2:1.3.0] AndroidManifest.xml:25:13-67
128            android:authorities="com.sinhvien.webnovelapp.androidx-startup"
128-->[androidx.emoji2:emoji2:1.3.0] AndroidManifest.xml:26:13-68
129            android:exported="false" >
129-->[androidx.emoji2:emoji2:1.3.0] AndroidManifest.xml:27:13-37
130            <meta-data
130-->[androidx.emoji2:emoji2:1.3.0] AndroidManifest.xml:29:13-31:52
131                android:name="androidx.emoji2.text.EmojiCompatInitializer"
131-->[androidx.emoji2:emoji2:1.3.0] AndroidManifest.xml:30:17-75
132                android:value="androidx.startup" />
132-->[androidx.emoji2:emoji2:1.3.0] AndroidManifest.xml:31:17-49
133            <meta-data
133-->[androidx.lifecycle:lifecycle-process:2.8.3] AndroidManifest.xml:29:13-31:52
134                android:name="androidx.lifecycle.ProcessLifecycleInitializer"
134-->[androidx.lifecycle:lifecycle-process:2.8.3] AndroidManifest.xml:30:17-78
135                android:value="androidx.startup" />
135-->[androidx.lifecycle:lifecycle-process:2.8.3] AndroidManifest.xml:31:17-49
136            <meta-data
136-->[androidx.profileinstaller:profileinstaller:1.3.1] AndroidManifest.xml:29:13-31:52
137                android:name="androidx.profileinstaller.ProfileInstallerInitializer"
137-->[androidx.profileinstaller:profileinstaller:1.3.1] AndroidManifest.xml:30:17-85
138                android:value="androidx.startup" />
138-->[androidx.profileinstaller:profileinstaller:1.3.1] AndroidManifest.xml:31:17-49
139        </provider>
140
141        <service
141-->[com.google.android.datatransport:transport-backend-cct:2.3.3] AndroidManifest.xml:29:9-35:19
142            android:name="com.google.android.datatransport.runtime.backends.TransportBackendDiscovery"
142-->[com.google.android.datatransport:transport-backend-cct:2.3.3] AndroidManifest.xml:30:13-103
143            android:exported="false" >
143-->[com.google.android.datatransport:transport-backend-cct:2.3.3] AndroidManifest.xml:31:13-37
144            <meta-data
144-->[com.google.android.datatransport:transport-backend-cct:2.3.3] AndroidManifest.xml:32:13-34:39
145                android:name="backend:com.google.android.datatransport.cct.CctBackendFactory"
145-->[com.google.android.datatransport:transport-backend-cct:2.3.3] AndroidManifest.xml:33:17-94
146                android:value="cct" />
146-->[com.google.android.datatransport:transport-backend-cct:2.3.3] AndroidManifest.xml:34:17-36
147        </service>
148        <service
148-->[com.google.android.datatransport:transport-runtime:2.2.6] AndroidManifest.xml:26:9-30:19
149            android:name="com.google.android.datatransport.runtime.scheduling.jobscheduling.JobInfoSchedulerService"
149-->[com.google.android.datatransport:transport-runtime:2.2.6] AndroidManifest.xml:27:13-117
150            android:exported="false"
150-->[com.google.android.datatransport:transport-runtime:2.2.6] AndroidManifest.xml:28:13-37
151            android:permission="android.permission.BIND_JOB_SERVICE" >
151-->[com.google.android.datatransport:transport-runtime:2.2.6] AndroidManifest.xml:29:13-69
152        </service>
153
154        <receiver
154-->[com.google.android.datatransport:transport-runtime:2.2.6] AndroidManifest.xml:32:9-34:40
155            android:name="com.google.android.datatransport.runtime.scheduling.jobscheduling.AlarmManagerSchedulerBroadcastReceiver"
155-->[com.google.android.datatransport:transport-runtime:2.2.6] AndroidManifest.xml:33:13-132
156            android:exported="false" />
156-->[com.google.android.datatransport:transport-runtime:2.2.6] AndroidManifest.xml:34:13-37
157        <receiver
157-->[androidx.profileinstaller:profileinstaller:1.3.1] AndroidManifest.xml:34:9-52:20
158            android:name="androidx.profileinstaller.ProfileInstallReceiver"
158-->[androidx.profileinstaller:profileinstaller:1.3.1] AndroidManifest.xml:35:13-76
159            android:directBootAware="false"
159-->[androidx.profileinstaller:profileinstaller:1.3.1] AndroidManifest.xml:36:13-44
160            android:enabled="true"
160-->[androidx.profileinstaller:profileinstaller:1.3.1] AndroidManifest.xml:37:13-35
161            android:exported="true"
161-->[androidx.profileinstaller:profileinstaller:1.3.1] AndroidManifest.xml:38:13-36
162            android:permission="android.permission.DUMP" >
162-->[androidx.profileinstaller:profileinstaller:1.3.1] AndroidManifest.xml:39:13-57
163            <intent-filter>
163-->[androidx.profileinstaller:profileinstaller:1.3.1] AndroidManifest.xml:40:13-42:29
164                <action android:name="androidx.profileinstaller.action.INSTALL_PROFILE" />
164-->[androidx.profileinstaller:profileinstaller:1.3.1] AndroidManifest.xml:41:17-91
164-->[androidx.profileinstaller:profileinstaller:1.3.1] AndroidManifest.xml:41:25-88
165            </intent-filter>
166            <intent-filter>
166-->[androidx.profileinstaller:profileinstaller:1.3.1] AndroidManifest.xml:43:13-45:29
167                <action android:name="androidx.profileinstaller.action.SKIP_FILE" />
167-->[androidx.profileinstaller:profileinstaller:1.3.1] AndroidManifest.xml:44:17-85
167-->[androidx.profileinstaller:profileinstaller:1.3.1] AndroidManifest.xml:44:25-82
168            </intent-filter>
169            <intent-filter>
169-->[androidx.profileinstaller:profileinstaller:1.3.1] AndroidManifest.xml:46:13-48:29
170                <action android:name="androidx.profileinstaller.action.SAVE_PROFILE" />
170-->[androidx.profileinstaller:profileinstaller:1.3.1] AndroidManifest.xml:47:17-88
170-->[androidx.profileinstaller:profileinstaller:1.3.1] AndroidManifest.xml:47:25-85
171            </intent-filter>
172            <intent-filter>
172-->[androidx.profileinstaller:profileinstaller:1.3.1] AndroidManifest.xml:49:13-51:29
173                <action android:name="androidx.profileinstaller.action.BENCHMARK_OPERATION" />
173-->[androidx.profileinstaller:profileinstaller:1.3.1] AndroidManifest.xml:50:17-95
173-->[androidx.profileinstaller:profileinstaller:1.3.1] AndroidManifest.xml:50:25-92
174            </intent-filter>
175        </receiver>
176    </application>
177
178</manifest>